<?xml version="1.0" encoding="UTF-8"?>
<!-- Generated by org.testng.reporters.JUnitReportReporter -->
<testsuite skipped="0" hostname="DESKTOP-JQI81VJ" name="com.testrunner.TestRunner" tests="1" failures="0" timestamp="2020-09-08T12:26:33 EDT" time="2.638" errors="1">
  <testcase name="feature" time="2.638" classname="com.testrunner.TestRunner">
    <error type="cucumber.runtime.CucumberException" message="org.openqa.selenium.SessionNotCreatedException: session not created: This version of ChromeDriver only supports Chrome version 83
Build info: version: &#039;3.141.59&#039;, revision: &#039;e82be7d358&#039;, time: &#039;2018-11-14T08:17:03&#039;
System info: host: &#039;DESKTOP-JQI81VJ&#039;, ip: &#039;10.67.111.181&#039;, os.name: &#039;Windows 10&#039;, os.arch: &#039;amd64&#039;, os.version: &#039;10.0&#039;, java.version: &#039;1.8.0_261&#039;
Driver info: driver.version: ChromeDriver
remote stacktrace: Backtrace:
	Ordinal0 [0x00939563+2725219]
	Ordinal0 [0x00838551+1672529]
	Ordinal0 [0x00720359+525145]
	Ordinal0 [0x006B0B77+68471]
	Ordinal0 [0x006AD32C+54060]
	Ordinal0 [0x006CCC37+183351]
	Ordinal0 [0x006CCA3D+182845]
	Ordinal0 [0x006CA94B+174411]
	Ordinal0 [0x006B2528+75048]
	Ordinal0 [0x006B35A0+79264]
	Ordinal0 [0x006B3539+79161]
	Ordinal0 [0x0084D607+1758727]
	GetHandleVerifier [0x00A56546+1050150]
	GetHandleVerifier [0x00A56291+1049457]
	GetHandleVerifier [0x00A610D7+1094071]
	GetHandleVerifier [0x00A56B46+1051686]
	Ordinal0 [0x00845B06+1727238]
	Ordinal0 [0x0084EB7B+1764219]
	Ordinal0 [0x0084ECE3+1764579]
	Ordinal0 [0x00864C05+1854469]
	BaseThreadInitThunk [0x75ED6359+25]
	RtlGetAppContainerNamedObjectPath [0x77CE7C24+228]
	RtlGetAppContainerNamedObjectPath [0x77CE7BF4+180]
">
      <![CDATA[cucumber.runtime.CucumberException: org.openqa.selenium.SessionNotCreatedException: session not created: This version of ChromeDriver only supports Chrome version 83
Build info: version: '3.141.59', revision: 'e82be7d358', time: '2018-11-14T08:17:03'
System info: host: 'DESKTOP-JQI81VJ', ip: '10.67.111.181', os.name: 'Windows 10', os.arch: 'amd64', os.version: '10.0', java.version: '1.8.0_261'
Driver info: driver.version: ChromeDriver
remote stacktrace: Backtrace:
Ordinal0 [0x00939563+2725219]
Ordinal0 [0x00838551+1672529]
Ordinal0 [0x00720359+525145]
Ordinal0 [0x006B0B77+68471]
Ordinal0 [0x006AD32C+54060]
Ordinal0 [0x006CCC37+183351]
Ordinal0 [0x006CCA3D+182845]
Ordinal0 [0x006CA94B+174411]
Ordinal0 [0x006B2528+75048]
Ordinal0 [0x006B35A0+79264]
Ordinal0 [0x006B3539+79161]
Ordinal0 [0x0084D607+1758727]
GetHandleVerifier [0x00A56546+1050150]
GetHandleVerifier [0x00A56291+1049457]
GetHandleVerifier [0x00A610D7+1094071]
GetHandleVerifier [0x00A56B46+1051686]
Ordinal0 [0x00845B06+1727238]
Ordinal0 [0x0084EB7B+1764219]
Ordinal0 [0x0084ECE3+1764579]
Ordinal0 [0x00864C05+1854469]
BaseThreadInitThunk [0x75ED6359+25]
RtlGetAppContainerNamedObjectPath [0x77CE7C24+228]
RtlGetAppContainerNamedObjectPath [0x77CE7BF4+180]

at cucumber.api.testng.TestNGCucumberRunner.runCucumber(TestNGCucumberRunner.java:69)
at cucumber.api.testng.AbstractTestNGCucumberTests.feature(AbstractTestNGCucumberTests.java:21)
at sun.reflect.NativeMethodAccessorImpl.invoke0(Native Method)
at sun.reflect.NativeMethodAccessorImpl.invoke(Unknown Source)
at sun.reflect.DelegatingMethodAccessorImpl.invoke(Unknown Source)
at java.lang.reflect.Method.invoke(Unknown Source)
at org.testng.internal.MethodInvocationHelper.invokeMethod(MethodInvocationHelper.java:135)
at org.testng.internal.TestInvoker.invokeMethod(TestInvoker.java:598)
at org.testng.internal.TestInvoker.invokeTestMethod(TestInvoker.java:174)
at org.testng.internal.MethodRunner.runInSequence(MethodRunner.java:46)
at org.testng.internal.TestInvoker$MethodInvocationAgent.invoke(TestInvoker.java:821)
at org.testng.internal.TestInvoker.invokeTestMethods(TestInvoker.java:147)
at org.testng.internal.TestMethodWorker.invokeTestMethods(TestMethodWorker.java:146)
at org.testng.internal.TestMethodWorker.run(TestMethodWorker.java:128)
at java.util.ArrayList.forEach(Unknown Source)
at org.testng.TestRunner.privateRun(TestRunner.java:767)
at org.testng.TestRunner.run(TestRunner.java:588)
at org.testng.SuiteRunner.runTest(SuiteRunner.java:384)
at org.testng.SuiteRunner.runSequentially(SuiteRunner.java:378)
at org.testng.SuiteRunner.privateRun(SuiteRunner.java:337)
at org.testng.SuiteRunner.run(SuiteRunner.java:286)
at org.testng.SuiteRunnerWorker.runSuite(SuiteRunnerWorker.java:53)
at org.testng.SuiteRunnerWorker.run(SuiteRunnerWorker.java:96)
at org.testng.TestNG.runSuitesSequentially(TestNG.java:1214)
at org.testng.TestNG.runSuitesLocally(TestNG.java:1136)
at org.testng.TestNG.runSuites(TestNG.java:1066)
at org.testng.TestNG.run(TestNG.java:1034)
at org.testng.remote.AbstractRemoteTestNG.run(AbstractRemoteTestNG.java:115)
at org.testng.remote.RemoteTestNG.initAndRun(RemoteTestNG.java:251)
at org.testng.remote.RemoteTestNG.main(RemoteTestNG.java:77)
Caused by: org.openqa.selenium.SessionNotCreatedException: session not created: This version of ChromeDriver only supports Chrome version 83
Build info: version: '3.141.59', revision: 'e82be7d358', time: '2018-11-14T08:17:03'
System info: host: 'DESKTOP-JQI81VJ', ip: '10.67.111.181', os.name: 'Windows 10', os.arch: 'amd64', os.version: '10.0', java.version: '1.8.0_261'
Driver info: driver.version: ChromeDriver
remote stacktrace: Backtrace:
Ordinal0 [0x00939563+2725219]
Ordinal0 [0x00838551+1672529]
Ordinal0 [0x00720359+525145]
Ordinal0 [0x006B0B77+68471]
Ordinal0 [0x006AD32C+54060]
Ordinal0 [0x006CCC37+183351]
Ordinal0 [0x006CCA3D+182845]
Ordinal0 [0x006CA94B+174411]
Ordinal0 [0x006B2528+75048]
Ordinal0 [0x006B35A0+79264]
Ordinal0 [0x006B3539+79161]
Ordinal0 [0x0084D607+1758727]
GetHandleVerifier [0x00A56546+1050150]
GetHandleVerifier [0x00A56291+1049457]
GetHandleVerifier [0x00A610D7+1094071]
GetHandleVerifier [0x00A56B46+1051686]
Ordinal0 [0x00845B06+1727238]
Ordinal0 [0x0084EB7B+1764219]
Ordinal0 [0x0084ECE3+1764579]
Ordinal0 [0x00864C05+1854469]
BaseThreadInitThunk [0x75ED6359+25]
RtlGetAppContainerNamedObjectPath [0x77CE7C24+228]
RtlGetAppContainerNamedObjectPath [0x77CE7BF4+180]

at sun.reflect.NativeConstructorAccessorImpl.newInstance0(Native Method)
at sun.reflect.NativeConstructorAccessorImpl.newInstance(Unknown Source)
at sun.reflect.DelegatingConstructorAccessorImpl.newInstance(Unknown Source)
at java.lang.reflect.Constructor.newInstance(Unknown Source)
at org.openqa.selenium.remote.W3CHandshakeResponse.lambda$errorHandler$0(W3CHandshakeResponse.java:62)
at org.openqa.selenium.remote.HandshakeResponse.lambda$getResponseFunction$0(HandshakeResponse.java:30)
at org.openqa.selenium.remote.ProtocolHandshake.lambda$createSession$0(ProtocolHandshake.java:126)
at java.util.stream.ReferencePipeline$3$1.accept(Unknown Source)
at java.util.Spliterators$ArraySpliterator.tryAdvance(Unknown Source)
at java.util.stream.ReferencePipeline.forEachWithCancel(Unknown Source)
at java.util.stream.AbstractPipeline.copyIntoWithCancel(Unknown Source)
at java.util.stream.AbstractPipeline.copyInto(Unknown Source)
at java.util.stream.AbstractPipeline.wrapAndCopyInto(Unknown Source)
at java.util.stream.FindOps$FindOp.evaluateSequential(Unknown Source)
at java.util.stream.AbstractPipeline.evaluate(Unknown Source)
at java.util.stream.ReferencePipeline.findFirst(Unknown Source)
at org.openqa.selenium.remote.ProtocolHandshake.createSession(ProtocolHandshake.java:128)
at org.openqa.selenium.remote.ProtocolHandshake.createSession(ProtocolHandshake.java:74)
at org.openqa.selenium.remote.HttpCommandExecutor.execute(HttpCommandExecutor.java:136)
at org.openqa.selenium.remote.service.DriverCommandExecutor.execute(DriverCommandExecutor.java:83)
at org.openqa.selenium.remote.RemoteWebDriver.execute(RemoteWebDriver.java:552)
at org.openqa.selenium.remote.RemoteWebDriver.startSession(RemoteWebDriver.java:213)
at org.openqa.selenium.remote.RemoteWebDriver.<init>(RemoteWebDriver.java:131)
at org.openqa.selenium.chrome.ChromeDriver.<init>(ChromeDriver.java:181)
at org.openqa.selenium.chrome.ChromeDriver.<init>(ChromeDriver.java:168)
at org.openqa.selenium.chrome.ChromeDriver.<init>(ChromeDriver.java:123)
at com.common.Base.getDriver(Base.java:14)
at com.stepdef.LoginStepDefanition.user_on_facebook_homepage(LoginStepDefanition.java:19)
at âœ½.Given user on facebook homepage(login.feature:5)
]]>
    </error>
  </testcase> <!-- feature -->
  <system-out/>
</testsuite> <!-- com.testrunner.TestRunner -->
