<?xml version="1.0" encoding="UTF-8"?>
<!-- Generated by org.testng.reporters.JUnitXMLReporter -->
<testsuite hostname="DESKTOP-JQI81VJ" ignored="0" name="chrometest" tests="1" failures="1" timestamp="2020-11-28T19:40:54 EST" time="2.753" errors="0">
  <testcase name="getBrowser" time="2.685" classname="com.common.CrossBrowserBase">
    <failure type="org.openqa.selenium.SessionNotCreatedException" message="session not created: This version of ChromeDriver only supports Chrome version 83
Build info: version: &amp;apos;3.141.59&amp;apos;, revision: &amp;apos;e82be7d358&amp;apos;, time: &amp;apos;2018-11-14T08:17:03&amp;apos;
System info: host: &amp;apos;DESKTOP-JQI81VJ&amp;apos;, ip: &amp;apos;192.168.1.238&amp;apos;, os.name: &amp;apos;Windows 10&amp;apos;, os.arch: &amp;apos;amd64&amp;apos;, os.version: &amp;apos;10.0&amp;apos;, java.version: &amp;apos;1.8.0_261&amp;apos;
Driver info: driver.version: ChromeDriver
remote stacktrace: Backtrace:
	Ordinal0 [0x00C69563+2725219]
	Ordinal0 [0x00B68551+1672529]
	Ordinal0 [0x00A50359+525145]
	Ordinal0 [0x009E0B77+68471]
	Ordinal0 [0x009DD32C+54060]
	Ordinal0 [0x009FCC37+183351]
	Ordinal0 [0x009FCA3D+182845]
	Ordinal0 [0x009FA94B+174411]
	Ordinal0 [0x009E2528+75048]
	Ordinal0 [0x009E35A0+79264]
	Ordinal0 [0x009E3539+79161]
	Ordinal0 [0x00B7D607+1758727]
	GetHandleVerifier [0x00D86546+1050150]
	GetHandleVerifier [0x00D86291+1049457]
	GetHandleVerifier [0x00D910D7+1094071]
	GetHandleVerifier [0x00D86B46+1051686]
	Ordinal0 [0x00B75B06+1727238]
	Ordinal0 [0x00B7EB7B+1764219]
	Ordinal0 [0x00B7ECE3+1764579]
	Ordinal0 [0x00B94C05+1854469]
	BaseThreadInitThunk [0x75906359+25]
	RtlGetAppContainerNamedObjectPath [0x77AE8944+228]
	RtlGetAppContainerNamedObjectPath [0x77AE8914+180]
">
      <![CDATA[org.openqa.selenium.SessionNotCreatedException: session not created: This version of ChromeDriver only supports Chrome version 83
Build info: version: '3.141.59', revision: 'e82be7d358', time: '2018-11-14T08:17:03'
System info: host: 'DESKTOP-JQI81VJ', ip: '192.168.1.238', os.name: 'Windows 10', os.arch: 'amd64', os.version: '10.0', java.version: '1.8.0_261'
Driver info: driver.version: ChromeDriver
remote stacktrace: Backtrace:
Ordinal0 [0x00C69563+2725219]
Ordinal0 [0x00B68551+1672529]
Ordinal0 [0x00A50359+525145]
Ordinal0 [0x009E0B77+68471]
Ordinal0 [0x009DD32C+54060]
Ordinal0 [0x009FCC37+183351]
Ordinal0 [0x009FCA3D+182845]
Ordinal0 [0x009FA94B+174411]
Ordinal0 [0x009E2528+75048]
Ordinal0 [0x009E35A0+79264]
Ordinal0 [0x009E3539+79161]
Ordinal0 [0x00B7D607+1758727]
GetHandleVerifier [0x00D86546+1050150]
GetHandleVerifier [0x00D86291+1049457]
GetHandleVerifier [0x00D910D7+1094071]
GetHandleVerifier [0x00D86B46+1051686]
Ordinal0 [0x00B75B06+1727238]
Ordinal0 [0x00B7EB7B+1764219]
Ordinal0 [0x00B7ECE3+1764579]
Ordinal0 [0x00B94C05+1854469]
BaseThreadInitThunk [0x75906359+25]
RtlGetAppContainerNamedObjectPath [0x77AE8944+228]
RtlGetAppContainerNamedObjectPath [0x77AE8914+180]

at org.openqa.selenium.remote.W3CHandshakeResponse.lambda$errorHandler$0(W3CHandshakeResponse.java:62)
at org.openqa.selenium.remote.HandshakeResponse.lambda$getResponseFunction$0(HandshakeResponse.java:30)
at org.openqa.selenium.remote.ProtocolHandshake.lambda$createSession$0(ProtocolHandshake.java:126)
at java.util.stream.ReferencePipeline$3$1.accept(Unknown Source)
at java.util.Spliterators$ArraySpliterator.tryAdvance(Unknown Source)
at java.util.stream.ReferencePipeline.forEachWithCancel(Unknown Source)
at java.util.stream.AbstractPipeline.copyIntoWithCancel(Unknown Source)
at java.util.stream.AbstractPipeline.copyInto(Unknown Source)
at java.util.stream.AbstractPipeline.wrapAndCopyInto(Unknown Source)
at java.util.stream.FindOps$FindOp.evaluateSequential(Unknown Source)
at java.util.stream.AbstractPipeline.evaluate(Unknown Source)
at java.util.stream.ReferencePipeline.findFirst(Unknown Source)
at org.openqa.selenium.remote.ProtocolHandshake.createSession(ProtocolHandshake.java:128)
at org.openqa.selenium.remote.ProtocolHandshake.createSession(ProtocolHandshake.java:74)
at org.openqa.selenium.remote.HttpCommandExecutor.execute(HttpCommandExecutor.java:136)
at org.openqa.selenium.remote.service.DriverCommandExecutor.execute(DriverCommandExecutor.java:83)
at org.openqa.selenium.remote.RemoteWebDriver.execute(RemoteWebDriver.java:552)
at org.openqa.selenium.remote.RemoteWebDriver.startSession(RemoteWebDriver.java:213)
at org.openqa.selenium.remote.RemoteWebDriver.<init>(RemoteWebDriver.java:131)
at org.openqa.selenium.chrome.ChromeDriver.<init>(ChromeDriver.java:181)
at org.openqa.selenium.chrome.ChromeDriver.<init>(ChromeDriver.java:168)
at org.openqa.selenium.chrome.ChromeDriver.<init>(ChromeDriver.java:123)
at com.common.CrossBrowserBase.getBrowser(CrossBrowserBase.java:20)
at java.util.ArrayList.forEach(Unknown Source)
... Removed 31 stack frames]]>
    </failure>
  </testcase> <!-- getBrowser -->
</testsuite> <!-- chrometest -->
